<?xml version="1.0" encoding="UTF-8"?>
<testng-results skipped="1" failed="0" total="1" passed="0">
  <reporter-output>
  </reporter-output>
  <suite name="Default suite" duration-ms="51151" started-at="2016-12-12T21:12:37Z" finished-at="2016-12-12T21:13:29Z">
    <groups>
    </groups>
    <test name="Default test" duration-ms="51151" started-at="2016-12-12T21:12:37Z" finished-at="2016-12-12T21:13:29Z">
      <class name="TestCases.TestCases1">
        <test-method status="FAIL" signature="OpenBrowser()[pri:0, instance:TestCases.TestCases1@31059033]" name="OpenBrowser" is-config="true" duration-ms="0" started-at="2016-12-12T16:12:37Z" finished-at="2016-12-12T16:12:37Z">
          <exception class="org.openqa.selenium.WebDriverException">
            <message>
              <![CDATA[Failed to connect to binary FirefoxBinary(C:\Program Files (x86)\Mozilla Firefox\firefox.exe) on port 7055; process output follows: 
77	addons.xpi	DEBUG	Registering manifest for C:\Program Files (x86)\Mozilla Firefox\browser\features\firefox@getpocket.com.xpi
1481577164777	addons.xpi	DEBUG	Calling bootstrap method startup on firefox@getpocket.com version 1.0.5
1481577164778	addons.xpi	DEBUG	Registering manifest for C:\Program Files (x86)\Mozilla Firefox\browser\features\webcompat@mozilla.org.xpi
1481577164778	addons.xpi	DEBUG	Calling bootstrap method startup on webcompat@mozilla.org version 1.0
1481577164780	addons.manager	DEBUG	Registering shutdown blocker for XPIProvider
1481577164780	addons.manager	DEBUG	Provider finished startup: XPIProvider
1481577164780	addons.manager	DEBUG	Starting provider: LightweightThemeManager
1481577164780	addons.manager	DEBUG	Registering shutdown blocker for LightweightThemeManager
1481577164780	addons.manager	DEBUG	Provider finished startup: LightweightThemeManager
1481577164781	addons.manager	DEBUG	Starting provider: GMPProvider
1481577164788	addons.manager	DEBUG	Registering shutdown blocker for GMPProvider
1481577164788	addons.manager	DEBUG	Provider finished startup: GMPProvider
1481577164788	addons.manager	DEBUG	Starting provider: PluginProvider
1481577164788	addons.manager	DEBUG	Registering shutdown blocker for PluginProvider
1481577164788	addons.manager	DEBUG	Provider finished startup: PluginProvider
1481577164789	addons.manager	DEBUG	Completed startup sequence
1481577166166	addons.manager	DEBUG	Starting provider: <unnamed-provider>
1481577166166	addons.manager	DEBUG	Registering shutdown blocker for <unnamed-provider>
1481577166167	addons.manager	DEBUG	Provider finished startup: <unnamed-provider>
1481577166335	DeferredSave.extensions.json	DEBUG	Write succeeded
1481577166335	addons.xpi-utils	DEBUG	XPI Database saved, setting schema version preference to 17
1481577166336	DeferredSave.extensions.json	DEBUG	Starting timer
1481577166346	addons.repository	DEBUG	No addons.json found.
1481577166346	DeferredSave.addons.json	DEBUG	Save changes
1481577166348	DeferredSave.addons.json	DEBUG	Starting timer
1481577168021	addons.manager	DEBUG	Starting provider: PreviousExperimentProvider
1481577168021	addons.manager	DEBUG	Registering shutdown blocker for PreviousExperimentProvider
1481577168022	addons.manager	DEBUG	Provider finished startup: PreviousExperimentProvider
1481577168027	DeferredSave.extensions.json	DEBUG	Starting write
1481577168031	DeferredSave.addons.json	DEBUG	Starting write
1481577168065	DeferredSave.extensions.json	DEBUG	Write succeeded
1481577168069	DeferredSave.addons.json	DEBUG	Write succeeded
1481577181650	addons.xpi	DEBUG	Calling bootstrap method shutdown on aushelper@mozilla.org version 1.0
1481577181651	addons.xpi	DEBUG	Calling bootstrap method shutdown on e10srollout@mozilla.org version 1.5
1481577181651	addons.xpi	DEBUG	Calling bootstrap method shutdown on firefox@getpocket.com version 1.0.5
1481577181652	addons.xpi	DEBUG	Calling bootstrap method shutdown on webcompat@mozilla.org version 1.0
[Child 22796] WARNING: pipe error: 109: file c:/builds/moz2_slave/m-rel-w32-00000000000000000000/build/src/ipc/chromium/src/chrome/common/ipc_channel_win.cc, line 346
[Child 22796] WARNING: pipe error: 109: file c:/builds/moz2_slave/m-rel-w32-00000000000000000000/build/src/ipc/chromium/src/chrome/common/ipc_channel_win.cc, line 346
1481577182008	addons.manager	DEBUG	shutdown
1481577182008	addons.manager	DEBUG	Calling shutdown blocker for XPIProvider
1481577182009	addons.xpi	DEBUG	shutdown
1481577182009	addons.xpi-utils	DEBUG	shutdown
1481577182009	addons.manager	DEBUG	Calling shutdown blocker for LightweightThemeManager
1481577182010	addons.manager	DEBUG	Calling shutdown blocker for GMPProvider
1481577182012	addons.manager	DEBUG	Calling shutdown blocker for PluginProvider
1481577182012	addons.manager	DEBUG	Calling shutdown blocker for <unnamed-provider>
1481577182014	addons.manager	DEBUG	Calling shutdown blocker for PreviousExperimentProvider
1481577182017	addons.xpi	DEBUG	Notifying XPI shutdown observers
1481577182021	addons.manager	DEBUG	Async provider shutdown done

Build info: version: '2.48.2', revision: '41bccdd', time: '2015-10-09 19:55:52'
System info: host: 'bfs-pc101', ip: '192.168.1.154', os.name: 'Windows 8', os.arch: 'amd64', os.version: '6.2', java.version: '1.7.0_21'
Driver info: driver.version: FirefoxDriver]]>
            </message>
            <full-stacktrace>
              <![CDATA[org.openqa.selenium.WebDriverException: Failed to connect to binary FirefoxBinary(C:\Program Files (x86)\Mozilla Firefox\firefox.exe) on port 7055; process output follows: 
77	addons.xpi	DEBUG	Registering manifest for C:\Program Files (x86)\Mozilla Firefox\browser\features\firefox@getpocket.com.xpi
1481577164777	addons.xpi	DEBUG	Calling bootstrap method startup on firefox@getpocket.com version 1.0.5
1481577164778	addons.xpi	DEBUG	Registering manifest for C:\Program Files (x86)\Mozilla Firefox\browser\features\webcompat@mozilla.org.xpi
1481577164778	addons.xpi	DEBUG	Calling bootstrap method startup on webcompat@mozilla.org version 1.0
1481577164780	addons.manager	DEBUG	Registering shutdown blocker for XPIProvider
1481577164780	addons.manager	DEBUG	Provider finished startup: XPIProvider
1481577164780	addons.manager	DEBUG	Starting provider: LightweightThemeManager
1481577164780	addons.manager	DEBUG	Registering shutdown blocker for LightweightThemeManager
1481577164780	addons.manager	DEBUG	Provider finished startup: LightweightThemeManager
1481577164781	addons.manager	DEBUG	Starting provider: GMPProvider
1481577164788	addons.manager	DEBUG	Registering shutdown blocker for GMPProvider
1481577164788	addons.manager	DEBUG	Provider finished startup: GMPProvider
1481577164788	addons.manager	DEBUG	Starting provider: PluginProvider
1481577164788	addons.manager	DEBUG	Registering shutdown blocker for PluginProvider
1481577164788	addons.manager	DEBUG	Provider finished startup: PluginProvider
1481577164789	addons.manager	DEBUG	Completed startup sequence
1481577166166	addons.manager	DEBUG	Starting provider: <unnamed-provider>
1481577166166	addons.manager	DEBUG	Registering shutdown blocker for <unnamed-provider>
1481577166167	addons.manager	DEBUG	Provider finished startup: <unnamed-provider>
1481577166335	DeferredSave.extensions.json	DEBUG	Write succeeded
1481577166335	addons.xpi-utils	DEBUG	XPI Database saved, setting schema version preference to 17
1481577166336	DeferredSave.extensions.json	DEBUG	Starting timer
1481577166346	addons.repository	DEBUG	No addons.json found.
1481577166346	DeferredSave.addons.json	DEBUG	Save changes
1481577166348	DeferredSave.addons.json	DEBUG	Starting timer
1481577168021	addons.manager	DEBUG	Starting provider: PreviousExperimentProvider
1481577168021	addons.manager	DEBUG	Registering shutdown blocker for PreviousExperimentProvider
1481577168022	addons.manager	DEBUG	Provider finished startup: PreviousExperimentProvider
1481577168027	DeferredSave.extensions.json	DEBUG	Starting write
1481577168031	DeferredSave.addons.json	DEBUG	Starting write
1481577168065	DeferredSave.extensions.json	DEBUG	Write succeeded
1481577168069	DeferredSave.addons.json	DEBUG	Write succeeded
1481577181650	addons.xpi	DEBUG	Calling bootstrap method shutdown on aushelper@mozilla.org version 1.0
1481577181651	addons.xpi	DEBUG	Calling bootstrap method shutdown on e10srollout@mozilla.org version 1.5
1481577181651	addons.xpi	DEBUG	Calling bootstrap method shutdown on firefox@getpocket.com version 1.0.5
1481577181652	addons.xpi	DEBUG	Calling bootstrap method shutdown on webcompat@mozilla.org version 1.0
[Child 22796] WARNING: pipe error: 109: file c:/builds/moz2_slave/m-rel-w32-00000000000000000000/build/src/ipc/chromium/src/chrome/common/ipc_channel_win.cc, line 346
[Child 22796] WARNING: pipe error: 109: file c:/builds/moz2_slave/m-rel-w32-00000000000000000000/build/src/ipc/chromium/src/chrome/common/ipc_channel_win.cc, line 346
1481577182008	addons.manager	DEBUG	shutdown
1481577182008	addons.manager	DEBUG	Calling shutdown blocker for XPIProvider
1481577182009	addons.xpi	DEBUG	shutdown
1481577182009	addons.xpi-utils	DEBUG	shutdown
1481577182009	addons.manager	DEBUG	Calling shutdown blocker for LightweightThemeManager
1481577182010	addons.manager	DEBUG	Calling shutdown blocker for GMPProvider
1481577182012	addons.manager	DEBUG	Calling shutdown blocker for PluginProvider
1481577182012	addons.manager	DEBUG	Calling shutdown blocker for <unnamed-provider>
1481577182014	addons.manager	DEBUG	Calling shutdown blocker for PreviousExperimentProvider
1481577182017	addons.xpi	DEBUG	Notifying XPI shutdown observers
1481577182021	addons.manager	DEBUG	Async provider shutdown done

Build info: version: '2.48.2', revision: '41bccdd', time: '2015-10-09 19:55:52'
System info: host: 'bfs-pc101', ip: '192.168.1.154', os.name: 'Windows 8', os.arch: 'amd64', os.version: '6.2', java.version: '1.7.0_21'
Driver info: driver.version: FirefoxDriver
	at org.openqa.selenium.firefox.internal.NewProfileExtensionConnection.start(NewProfileExtensionConnection.java:134)
	at org.openqa.selenium.firefox.FirefoxDriver.startClient(FirefoxDriver.java:271)
	at org.openqa.selenium.remote.RemoteWebDriver.<init>(RemoteWebDriver.java:117)
	at org.openqa.selenium.firefox.FirefoxDriver.<init>(FirefoxDriver.java:218)
	at org.openqa.selenium.firefox.FirefoxDriver.<init>(FirefoxDriver.java:211)
	at org.openqa.selenium.firefox.FirefoxDriver.<init>(FirefoxDriver.java:207)
	at org.openqa.selenium.firefox.FirefoxDriver.<init>(FirefoxDriver.java:120)
	at TestCases.TestCases1.OpenBrowser(TestCases1.java:33)
	at sun.reflect.NativeMethodAccessorImpl.invoke0(Native Method)
	at sun.reflect.NativeMethodAccessorImpl.invoke(Unknown Source)
	at sun.reflect.DelegatingMethodAccessorImpl.invoke(Unknown Source)
	at java.lang.reflect.Method.invoke(Unknown Source)
	at org.testng.internal.MethodInvocationHelper.invokeMethod(MethodInvocationHelper.java:85)
	at org.testng.internal.Invoker.invokeConfigurationMethod(Invoker.java:510)
	at org.testng.internal.Invoker.invokeConfigurations(Invoker.java:211)
	at org.testng.internal.Invoker.invokeConfigurations(Invoker.java:138)
	at org.testng.TestRunner.beforeRun(TestRunner.java:647)
	at org.testng.TestRunner.run(TestRunner.java:615)
	at org.testng.SuiteRunner.runTest(SuiteRunner.java:357)
	at org.testng.SuiteRunner.runSequentially(SuiteRunner.java:352)
	at org.testng.SuiteRunner.privateRun(SuiteRunner.java:310)
	at org.testng.SuiteRunner.run(SuiteRunner.java:259)
	at org.testng.SuiteRunnerWorker.runSuite(SuiteRunnerWorker.java:52)
	at org.testng.SuiteRunnerWorker.run(SuiteRunnerWorker.java:86)
	at org.testng.TestNG.runSuitesSequentially(TestNG.java:1185)
	at org.testng.TestNG.runSuitesLocally(TestNG.java:1110)
	at org.testng.TestNG.run(TestNG.java:1018)
	at org.testng.remote.AbstractRemoteTestNG.run(AbstractRemoteTestNG.java:132)
	at org.testng.remote.RemoteTestNG.initAndRun(RemoteTestNG.java:236)
	at org.testng.remote.RemoteTestNG.main(RemoteTestNG.java:81)
Caused by: org.openqa.selenium.firefox.NotConnectedException: Unable to connect to host 127.0.0.1 on port 7055 after 45000 ms. Firefox console output:
77	addons.xpi	DEBUG	Registering manifest for C:\Program Files (x86)\Mozilla Firefox\browser\features\firefox@getpocket.com.xpi
1481577164777	addons.xpi	DEBUG	Calling bootstrap method startup on firefox@getpocket.com version 1.0.5
1481577164778	addons.xpi	DEBUG	Registering manifest for C:\Program Files (x86)\Mozilla Firefox\browser\features\webcompat@mozilla.org.xpi
1481577164778	addons.xpi	DEBUG	Calling bootstrap method startup on webcompat@mozilla.org version 1.0
1481577164780	addons.manager	DEBUG	Registering shutdown blocker for XPIProvider
1481577164780	addons.manager	DEBUG	Provider finished startup: XPIProvider
1481577164780	addons.manager	DEBUG	Starting provider: LightweightThemeManager
1481577164780	addons.manager	DEBUG	Registering shutdown blocker for LightweightThemeManager
1481577164780	addons.manager	DEBUG	Provider finished startup: LightweightThemeManager
1481577164781	addons.manager	DEBUG	Starting provider: GMPProvider
1481577164788	addons.manager	DEBUG	Registering shutdown blocker for GMPProvider
1481577164788	addons.manager	DEBUG	Provider finished startup: GMPProvider
1481577164788	addons.manager	DEBUG	Starting provider: PluginProvider
1481577164788	addons.manager	DEBUG	Registering shutdown blocker for PluginProvider
1481577164788	addons.manager	DEBUG	Provider finished startup: PluginProvider
1481577164789	addons.manager	DEBUG	Completed startup sequence
1481577166166	addons.manager	DEBUG	Starting provider: <unnamed-provider>
1481577166166	addons.manager	DEBUG	Registering shutdown blocker for <unnamed-provider>
1481577166167	addons.manager	DEBUG	Provider finished startup: <unnamed-provider>
1481577166335	DeferredSave.extensions.json	DEBUG	Write succeeded
1481577166335	addons.xpi-utils	DEBUG	XPI Database saved, setting schema version preference to 17
1481577166336	DeferredSave.extensions.json	DEBUG	Starting timer
1481577166346	addons.repository	DEBUG	No addons.json found.
1481577166346	DeferredSave.addons.json	DEBUG	Save changes
1481577166348	DeferredSave.addons.json	DEBUG	Starting timer
1481577168021	addons.manager	DEBUG	Starting provider: PreviousExperimentProvider
1481577168021	addons.manager	DEBUG	Registering shutdown blocker for PreviousExperimentProvider
1481577168022	addons.manager	DEBUG	Provider finished startup: PreviousExperimentProvider
1481577168027	DeferredSave.extensions.json	DEBUG	Starting write
1481577168031	DeferredSave.addons.json	DEBUG	Starting write
1481577168065	DeferredSave.extensions.json	DEBUG	Write succeeded
1481577168069	DeferredSave.addons.json	DEBUG	Write succeeded
1481577181650	addons.xpi	DEBUG	Calling bootstrap method shutdown on aushelper@mozilla.org version 1.0
1481577181651	addons.xpi	DEBUG	Calling bootstrap method shutdown on e10srollout@mozilla.org version 1.5
1481577181651	addons.xpi	DEBUG	Calling bootstrap method shutdown on firefox@getpocket.com version 1.0.5
1481577181652	addons.xpi	DEBUG	Calling bootstrap method shutdown on webcompat@mozilla.org version 1.0
[Child 22796] WARNING: pipe error: 109: file c:/builds/moz2_slave/m-rel-w32-00000000000000000000/build/src/ipc/chromium/src/chrome/common/ipc_channel_win.cc, line 346
[Child 22796] WARNING: pipe error: 109: file c:/builds/moz2_slave/m-rel-w32-00000000000000000000/build/src/ipc/chromium/src/chrome/common/ipc_channel_win.cc, line 346
1481577182008	addons.manager	DEBUG	shutdown
1481577182008	addons.manager	DEBUG	Calling shutdown blocker for XPIProvider
1481577182009	addons.xpi	DEBUG	shutdown
1481577182009	addons.xpi-utils	DEBUG	shutdown
1481577182009	addons.manager	DEBUG	Calling shutdown blocker for LightweightThemeManager
1481577182010	addons.manager	DEBUG	Calling shutdown blocker for GMPProvider
1481577182012	addons.manager	DEBUG	Calling shutdown blocker for PluginProvider
1481577182012	addons.manager	DEBUG	Calling shutdown blocker for <unnamed-provider>
1481577182014	addons.manager	DEBUG	Calling shutdown blocker for PreviousExperimentProvider
1481577182017	addons.xpi	DEBUG	Notifying XPI shutdown observers
1481577182021	addons.manager	DEBUG	Async provider shutdown done

	at org.openqa.selenium.firefox.internal.NewProfileExtensionConnection.start(NewProfileExtensionConnection.java:122)
	... 29 more
]]>
            </full-stacktrace>
          </exception> <!-- org.openqa.selenium.WebDriverException -->
          <reporter-output>
          </reporter-output>
        </test-method> <!-- OpenBrowser -->
        <test-method status="SKIP" signature="LoginVerification()[pri:0, instance:TestCases.TestCases1@31059033]" name="LoginVerification" duration-ms="2" started-at="2016-12-12T16:13:28Z" finished-at="2016-12-12T16:13:28Z">
          <reporter-output>
          </reporter-output>
        </test-method> <!-- LoginVerification -->
        <test-method status="SKIP" signature="CloseBrowser()[pri:0, instance:TestCases.TestCases1@31059033]" name="CloseBrowser" is-config="true" duration-ms="0" started-at="2016-12-12T16:13:29Z" finished-at="2016-12-12T16:13:29Z">
          <reporter-output>
          </reporter-output>
        </test-method> <!-- CloseBrowser -->
      </class> <!-- TestCases.TestCases1 -->
    </test> <!-- Default test -->
  </suite> <!-- Default suite -->
</testng-results>
