<?xml version="1.0" encoding="UTF-8"?>
<testng-results skipped="0" failed="1" total="2" passed="1">
  <reporter-output>
    <line>
      <![CDATA[Enter Billing Address Validation]]>
    </line>
    <line>
      <![CDATA[Search Validation]]>
    </line>
  </reporter-output>
  <suite name="Default suite" duration-ms="33" started-at="2016-01-26T23:16:48Z" finished-at="2016-01-26T23:16:48Z">
    <groups>
    </groups>
    <test name="Default test" duration-ms="33" started-at="2016-01-26T23:16:48Z" finished-at="2016-01-26T23:16:48Z">
      <class name="com.bfs.testng.SmokeTest">
        <test-method status="PASS" signature="beforeMethod()[pri:0, instance:com.bfs.testng.SmokeTest@649be74f]" name="beforeMethod" is-config="true" duration-ms="7" started-at="2016-01-26T18:16:48Z" finished-at="2016-01-26T18:16:48Z">
          <reporter-output>
          </reporter-output>
        </test-method> <!-- beforeMethod -->
        <test-method status="PASS" signature="Test3()[pri:0, instance:com.bfs.testng.SmokeTest@649be74f]" name="Test3" duration-ms="6" started-at="2016-01-26T18:16:48Z" finished-at="2016-01-26T18:16:48Z">
          <reporter-output>
            <line>
              <![CDATA[Enter Billing Address Validation]]>
            </line>
          </reporter-output>
        </test-method> <!-- Test3 -->
        <test-method status="PASS" signature="afterMethod()[pri:0, instance:com.bfs.testng.SmokeTest@649be74f]" name="afterMethod" is-config="true" duration-ms="0" started-at="2016-01-26T18:16:48Z" finished-at="2016-01-26T18:16:48Z">
          <reporter-output>
          </reporter-output>
        </test-method> <!-- afterMethod -->
        <test-method status="FAIL" signature="Test1()[pri:0, instance:com.bfs.testng.SmokeTest@649be74f]" name="Test1" duration-ms="1" started-at="2016-01-26T18:16:48Z" finished-at="2016-01-26T18:16:48Z">
          <exception class="org.junit.ComparisonFailure">
            <message>
              <![CDATA[expected:<[Shiplu]> but was:<[Rahman]>]]>
            </message>
            <full-stacktrace>
              <![CDATA[org.junit.ComparisonFailure: expected:<[Shiplu]> but was:<[Rahman]>
	at org.junit.Assert.assertEquals(Assert.java:115)
	at org.junit.Assert.assertEquals(Assert.java:144)
	at com.bfs.testng.SmokeTest.Test1(SmokeTest.java:15)
	at sun.reflect.NativeMethodAccessorImpl.invoke0(Native Method)
	at sun.reflect.NativeMethodAccessorImpl.invoke(Unknown Source)
	at sun.reflect.DelegatingMethodAccessorImpl.invoke(Unknown Source)
	at java.lang.reflect.Method.invoke(Unknown Source)
	at org.testng.internal.MethodInvocationHelper.invokeMethod(MethodInvocationHelper.java:85)
	at org.testng.internal.Invoker.invokeMethod(Invoker.java:639)
	at org.testng.internal.Invoker.invokeTestMethod(Invoker.java:821)
	at org.testng.internal.Invoker.invokeTestMethods(Invoker.java:1131)
	at org.testng.internal.TestMethodWorker.invokeTestMethods(TestMethodWorker.java:124)
	at org.testng.internal.TestMethodWorker.run(TestMethodWorker.java:108)
	at org.testng.TestRunner.privateRun(TestRunner.java:773)
	at org.testng.TestRunner.run(TestRunner.java:623)
	at org.testng.SuiteRunner.runTest(SuiteRunner.java:357)
	at org.testng.SuiteRunner.runSequentially(SuiteRunner.java:352)
	at org.testng.SuiteRunner.privateRun(SuiteRunner.java:310)
	at org.testng.SuiteRunner.run(SuiteRunner.java:259)
	at org.testng.SuiteRunnerWorker.runSuite(SuiteRunnerWorker.java:52)
	at org.testng.SuiteRunnerWorker.run(SuiteRunnerWorker.java:86)
	at org.testng.TestNG.runSuitesSequentially(TestNG.java:1185)
	at org.testng.TestNG.runSuitesLocally(TestNG.java:1110)
	at org.testng.TestNG.run(TestNG.java:1018)
	at org.testng.remote.RemoteTestNG.run(RemoteTestNG.java:111)
	at org.testng.remote.RemoteTestNG.initAndRun(RemoteTestNG.java:204)
	at org.testng.remote.RemoteTestNG.main(RemoteTestNG.java:175)
]]>
            </full-stacktrace>
          </exception> <!-- org.junit.ComparisonFailure -->
          <reporter-output>
            <line>
              <![CDATA[Search Validation]]>
            </line>
          </reporter-output>
        </test-method> <!-- Test1 -->
        <test-method status="PASS" signature="beforeMethod()[pri:0, instance:com.bfs.testng.SmokeTest@649be74f]" name="beforeMethod" is-config="true" duration-ms="0" started-at="2016-01-26T18:16:48Z" finished-at="2016-01-26T18:16:48Z">
          <reporter-output>
          </reporter-output>
        </test-method> <!-- beforeMethod -->
        <test-method status="PASS" signature="afterMethod()[pri:0, instance:com.bfs.testng.SmokeTest@649be74f]" name="afterMethod" is-config="true" duration-ms="0" started-at="2016-01-26T18:16:48Z" finished-at="2016-01-26T18:16:48Z">
          <reporter-output>
          </reporter-output>
        </test-method> <!-- afterMethod -->
      </class> <!-- com.bfs.testng.SmokeTest -->
    </test> <!-- Default test -->
  </suite> <!-- Default suite -->
</testng-results>
